<?xml version="1.0" encoding="UTF-8"?>
<!-- Generated by org.testng.reporters.JUnitReportReporter -->
<testsuite hostname="JKHZLT0271-2016" name="tutorial.shiro.LoginLogoutTest" tests="1" failures="0" timestamp="21 Jul 2016 10:12:59 GMT" time="0.258" errors="0">
  <testcase name="testHelloworld" time="0.258" classname="tutorial.shiro.LoginLogoutTest"/>
</testsuite> <!-- tutorial.shiro.LoginLogoutTest -->
