<?xml version="1.0" encoding="UTF-8"?>
<!-- Generated by org.testng.reporters.JUnitReportReporter -->
<testsuite hostname="JKHZLT0271-2016" name="tutorial.shiro.LoginLogoutTest" tests="1" failures="0" timestamp="22 Jul 2016 07:18:12 GMT" time="0.276" errors="0">
  <testcase name="testHelloworld" time="0.276" classname="tutorial.shiro.LoginLogoutTest"/>
</testsuite> <!-- tutorial.shiro.LoginLogoutTest -->
